{"message":"    level: 'info', url: /boards, query params: {}, body: {\"title\":\"Autotest board\",\"columns\":[{\"title\":\"Backlog\",\"order\":1},{\"title\":\"Sprint\",\"order\":2}]}","level":"info","timestamp":"2020-04-17 12:51:47"}
{"message":"    level: 'info', url: /users, query params: {}, body: {}","level":"info","timestamp":"2020-04-17 12:51:47"}
{"message":"    level: 'info', url: /boards, query params: {}, body: {\"title\":\"Autotest board\",\"columns\":[{\"title\":\"Backlog\",\"order\":1},{\"title\":\"Sprint\",\"order\":2}]}","level":"info","timestamp":"2020-04-17 12:51:47"}
{"message":"    level: 'info', url: /boards, query params: {}, body: {}","level":"info","timestamp":"2020-04-17 12:51:48"}
{"message":"    level: 'info', url: /users, query params: {}, body: {\"name\":\"TEST_USER\",\"login\":\"test_user\",\"password\":\"T35t_P@55w0rd\"}","level":"info","timestamp":"2020-04-17 12:51:48"}
{"message":"    level: 'info', url: /boards/92a7da56-ed45-47e4-84e2-969d7a979811/tasks, query params: {}, body: {\"title\":\"Autotest task\",\"order\":0,\"description\":\"Lorem ipsum\",\"userId\":null,\"boardId\":null,\"columnId\":null}","level":"info","timestamp":"2020-04-17 12:51:48"}
{"message":"    level: 'info', url: /boards, query params: {}, body: {}","level":"info","timestamp":"2020-04-17 12:51:48"}
{"message":"    level: 'info', url: /users/cba2e33a-86ae-48a0-96e4-c67e1abcdf1c, query params: {}, body: {}","level":"info","timestamp":"2020-04-17 12:51:48"}
{"message":"    level: 'info', url: /boards/36affa0f-00d8-4bfe-8714-04b2cdaeaaf2, query params: {}, body: {}","level":"info","timestamp":"2020-04-17 12:51:48"}
{"message":"    level: 'info', url: /users/cba2e33a-86ae-48a0-96e4-c67e1abcdf1c, query params: {}, body: {}","level":"info","timestamp":"2020-04-17 12:51:48"}
{"message":"    level: 'info', url: /boards/92a7da56-ed45-47e4-84e2-969d7a979811/tasks, query params: {}, body: {}","level":"info","timestamp":"2020-04-17 12:51:48"}
{"message":"    level: 'info', url: /boards, query params: {}, body: {\"title\":\"Autotest board\",\"columns\":[{\"title\":\"Backlog\",\"order\":1},{\"title\":\"Sprint\",\"order\":2}]}","level":"info","timestamp":"2020-04-17 12:51:48"}
{"message":"    level: 'info', url: /boards/75581ae5-6e98-4bf8-9a72-d1e41336b956, query params: {}, body: {}","level":"info","timestamp":"2020-04-17 12:51:48"}
{"message":"    level: 'info', url: /users, query params: {}, body: {\"name\":\"TEST_USER\",\"login\":\"test_user\",\"password\":\"T35t_P@55w0rd\"}","level":"info","timestamp":"2020-04-17 12:51:48"}
{"message":"    level: 'info', url: /boards/92a7da56-ed45-47e4-84e2-969d7a979811/tasks, query params: {}, body: {}","level":"info","timestamp":"2020-04-17 12:51:48"}
{"message":"    level: 'info', url: /users/b1b439bf-615b-4cbf-8178-5f0a965df561, query params: {}, body: {}","level":"info","timestamp":"2020-04-17 12:51:48"}
{"message":"    level: 'info', url: /boards, query params: {}, body: {\"title\":\"Autotest board\",\"columns\":[{\"title\":\"Backlog\",\"order\":1},{\"title\":\"Sprint\",\"order\":2}]}","level":"info","timestamp":"2020-04-17 12:51:48"}
{"message":"    level: 'info', url: /boards/92a7da56-ed45-47e4-84e2-969d7a979811/tasks/f3197b9c-3ce3-4bcf-affd-7d86a02d150d, query params: {}, body: {}","level":"info","timestamp":"2020-04-17 12:51:48"}
{"message":"    level: 'info', url: /boards/bf158854-fd3f-46fd-a435-003f9876ca97, query params: {}, body: {\"id\":\"bf158854-fd3f-46fd-a435-003f9876ca97\",\"title\":\"Autotest updated board\",\"columns\":[{\"title\":\"Backlog\",\"order\":1,\"_id\":\"ba9cef0d-2e5e-4699-a2c9-6a21809e17d3\"},{\"title\":\"Sprint\",\"order\":2,\"_id\":\"0d19fa12-e94a-49f6-a0ab-e177a0f01eea\"}]}","level":"info","timestamp":"2020-04-17 12:51:48"}
{"message":"    level: 'info', url: /boards/92a7da56-ed45-47e4-84e2-969d7a979811/tasks, query params: {}, body: {\"title\":\"Autotest task\",\"order\":0,\"description\":\"Lorem ipsum\",\"userId\":null,\"boardId\":null,\"columnId\":null}","level":"info","timestamp":"2020-04-17 12:51:49"}
{"message":"    level: 'info', url: /boards/bf158854-fd3f-46fd-a435-003f9876ca97, query params: {}, body: {}","level":"info","timestamp":"2020-04-17 12:51:49"}
{"message":"    level: 'info', url: /users, query params: {}, body: {\"name\":\"TEST_USER\",\"login\":\"test_user\",\"password\":\"T35t_P@55w0rd\"}","level":"info","timestamp":"2020-04-17 12:51:49"}
{"message":"    level: 'info', url: /boards/bf158854-fd3f-46fd-a435-003f9876ca97, query params: {}, body: {}","level":"info","timestamp":"2020-04-17 12:51:49"}
{"message":"    level: 'info', url: /users/68f7fb59-461f-47fc-8e03-cc9cc0b7fefe, query params: {}, body: {\"name\":\"Autotest updated TEST_USER\",\"login\":\"test_user\",\"password\":\"T35t_P@55w0rd\",\"id\":\"68f7fb59-461f-47fc-8e03-cc9cc0b7fefe\"}","level":"info","timestamp":"2020-04-17 12:51:49"}
{"message":"    level: 'info', url: /boards/92a7da56-ed45-47e4-84e2-969d7a979811/tasks/1ed8bb41-a25c-43f9-916e-e5ee52580533, query params: {}, body: {}","level":"info","timestamp":"2020-04-17 12:51:49"}
{"message":"    level: 'info', url: /users/68f7fb59-461f-47fc-8e03-cc9cc0b7fefe, query params: {}, body: {}","level":"info","timestamp":"2020-04-17 12:51:49"}
{"message":"    level: 'info', url: /boards, query params: {}, body: {}","level":"info","timestamp":"2020-04-17 12:51:49"}
{"message":"    level: 'info', url: /users/68f7fb59-461f-47fc-8e03-cc9cc0b7fefe, query params: {}, body: {}","level":"info","timestamp":"2020-04-17 12:51:49"}
{"message":"    level: 'info', url: /boards/36affa0f-00d8-4bfe-8714-04b2cdaeaaf2, query params: {}, body: {}","level":"info","timestamp":"2020-04-17 12:51:49"}
{"message":"    level: 'info', url: /boards/92a7da56-ed45-47e4-84e2-969d7a979811/tasks, query params: {}, body: {\"title\":\"Autotest task\",\"order\":0,\"description\":\"Lorem ipsum\",\"userId\":null,\"boardId\":null,\"columnId\":null}","level":"info","timestamp":"2020-04-17 12:51:49"}
{"message":"    level: 'info', url: /boards/36affa0f-00d8-4bfe-8714-04b2cdaeaaf2, query params: {}, body: {}","level":"info","timestamp":"2020-04-17 12:51:49"}
{"message":"    level: 'info', url: /users, query params: {}, body: {\"name\":\"TEST_USER\",\"login\":\"test_user\",\"password\":\"T35t_P@55w0rd\"}","level":"info","timestamp":"2020-04-17 12:51:49"}
{"message":"    level: 'info', url: /boards/92a7da56-ed45-47e4-84e2-969d7a979811/tasks/df976c78-ea27-42d7-ba58-bbbed4748dfc, query params: {}, body: {\"id\":\"df976c78-ea27-42d7-ba58-bbbed4748dfc\",\"title\":\"Autotest updated task\",\"order\":0,\"description\":\"Lorem ipsum\",\"userId\":null,\"boardId\":\"92a7da56-ed45-47e4-84e2-969d7a979811\",\"columnId\":null}","level":"info","timestamp":"2020-04-17 12:51:49"}
{"message":"   level 'error', error code: 404, error message: NotFoundError: Board not found","level":"error","timestamp":"2020-04-17 12:51:49"}
{"message":"    level: 'info', url: /boards, query params: {}, body: {\"title\":\"Autotest board\",\"columns\":[{\"title\":\"Backlog\",\"order\":1},{\"title\":\"Sprint\",\"order\":2}]}","level":"info","timestamp":"2020-04-17 12:51:49"}
{"message":"    level: 'info', url: /users/cf9de9f0-9cbe-422a-a17b-e3ba90b78e11, query params: {}, body: {}","level":"info","timestamp":"2020-04-17 12:51:49"}
{"message":"    level: 'info', url: /boards/c9ad8499-3711-4305-a162-e9e25e1c374e/tasks, query params: {}, body: {\"title\":\"Task #1\",\"order\":1,\"description\":\"Lorem ipsum\",\"boardId\":\"c9ad8499-3711-4305-a162-e9e25e1c374e\",\"userId\":null,\"columnId\":null}","level":"info","timestamp":"2020-04-17 12:51:49"}
{"message":"    level: 'info', url: /boards/c9ad8499-3711-4305-a162-e9e25e1c374e/tasks, query params: {}, body: {\"title\":\"Task #3\",\"order\":3,\"description\":\"Lorem ipsum\",\"boardId\":\"c9ad8499-3711-4305-a162-e9e25e1c374e\",\"userId\":null,\"columnId\":null}","level":"info","timestamp":"2020-04-17 12:51:49"}
{"message":"    level: 'info', url: /boards/c9ad8499-3711-4305-a162-e9e25e1c374e/tasks, query params: {}, body: {\"title\":\"Task #4\",\"order\":4,\"description\":\"Lorem ipsum\",\"boardId\":\"c9ad8499-3711-4305-a162-e9e25e1c374e\",\"userId\":null,\"columnId\":null}","level":"info","timestamp":"2020-04-17 12:51:49"}
{"message":"    level: 'info', url: /boards/c9ad8499-3711-4305-a162-e9e25e1c374e/tasks, query params: {}, body: {\"title\":\"Task #5\",\"order\":5,\"description\":\"Lorem ipsum\",\"boardId\":\"c9ad8499-3711-4305-a162-e9e25e1c374e\",\"userId\":null,\"columnId\":null}","level":"info","timestamp":"2020-04-17 12:51:49"}
{"message":"    level: 'info', url: /boards/c9ad8499-3711-4305-a162-e9e25e1c374e/tasks, query params: {}, body: {\"title\":\"Task #2\",\"order\":2,\"description\":\"Lorem ipsum\",\"boardId\":\"c9ad8499-3711-4305-a162-e9e25e1c374e\",\"userId\":null,\"columnId\":null}","level":"info","timestamp":"2020-04-17 12:51:49"}
{"message":"    level: 'info', url: /users, query params: {}, body: {\"name\":\"TEST_USER\",\"login\":\"test_user\",\"password\":\"T35t_P@55w0rd\"}","level":"info","timestamp":"2020-04-17 12:51:49"}
{"message":"    level: 'info', url: /boards/92a7da56-ed45-47e4-84e2-969d7a979811/tasks/df976c78-ea27-42d7-ba58-bbbed4748dfc, query params: {}, body: {}","level":"info","timestamp":"2020-04-17 12:51:49"}
{"message":"    level: 'info', url: /boards, query params: {}, body: {\"title\":\"Autotest board\",\"columns\":[{\"title\":\"Backlog\",\"order\":1},{\"title\":\"Sprint\",\"order\":2}]}","level":"info","timestamp":"2020-04-17 12:51:49"}
{"message":"    level: 'info', url: /boards/c9ad8499-3711-4305-a162-e9e25e1c374e/tasks/0b199ff7-41c3-46ef-876d-8be78ed33d4f, query params: {}, body: {}","level":"info","timestamp":"2020-04-17 12:51:49"}
{"message":"    level: 'info', url: /boards/c9ad8499-3711-4305-a162-e9e25e1c374e/tasks/d55c65b9-b611-4c99-b01e-3fe54fac5626, query params: {}, body: {}","level":"info","timestamp":"2020-04-17 12:51:49"}
{"message":"    level: 'info', url: /boards/c9ad8499-3711-4305-a162-e9e25e1c374e/tasks/52b9f1f7-43d1-461c-819f-edf8928fd089, query params: {}, body: {}","level":"info","timestamp":"2020-04-17 12:51:49"}
{"message":"    level: 'info', url: /boards/c9ad8499-3711-4305-a162-e9e25e1c374e/tasks/76ce1cec-db21-480b-a953-01e6d09e96ff, query params: {}, body: {}","level":"info","timestamp":"2020-04-17 12:51:49"}
{"message":"    level: 'info', url: /boards/c9ad8499-3711-4305-a162-e9e25e1c374e/tasks/c9abbacb-d5b1-4d6f-82a8-540ad2c170f9, query params: {}, body: {}","level":"info","timestamp":"2020-04-17 12:51:49"}
{"message":"    level: 'info', url: /boards/00d4b8be-aede-4fb2-a53f-a241fbdab0ed/tasks, query params: {}, body: {\"title\":\"Task #1\",\"order\":1,\"description\":\"Lorem ipsum\",\"userId\":\"88a373b9-6fdb-4614-a59d-2e5ff98103a3\",\"boardId\":\"00d4b8be-aede-4fb2-a53f-a241fbdab0ed\"}","level":"info","timestamp":"2020-04-17 12:51:49"}
{"message":"    level: 'info', url: /boards/00d4b8be-aede-4fb2-a53f-a241fbdab0ed/tasks, query params: {}, body: {\"title\":\"Task #2\",\"order\":2,\"description\":\"Lorem ipsum\",\"userId\":\"88a373b9-6fdb-4614-a59d-2e5ff98103a3\",\"boardId\":\"00d4b8be-aede-4fb2-a53f-a241fbdab0ed\"}","level":"info","timestamp":"2020-04-17 12:51:49"}
{"message":"    level: 'info', url: /boards/92a7da56-ed45-47e4-84e2-969d7a979811/tasks/f3197b9c-3ce3-4bcf-affd-7d86a02d150d, query params: {}, body: {}","level":"info","timestamp":"2020-04-17 12:51:50"}
{"message":"    level: 'info', url: /boards/c9ad8499-3711-4305-a162-e9e25e1c374e, query params: {}, body: {}","level":"info","timestamp":"2020-04-17 12:51:50"}
{"message":"    level: 'info', url: /users/88a373b9-6fdb-4614-a59d-2e5ff98103a3, query params: {}, body: {}","level":"info","timestamp":"2020-04-17 12:51:50"}
{"message":"    level: 'info', url: /boards/92a7da56-ed45-47e4-84e2-969d7a979811/tasks/f3197b9c-3ce3-4bcf-affd-7d86a02d150d, query params: {}, body: {}","level":"info","timestamp":"2020-04-17 12:51:50"}
{"message":"    level: 'info', url: /boards/c9ad8499-3711-4305-a162-e9e25e1c374e/tasks/0b199ff7-41c3-46ef-876d-8be78ed33d4f, query params: {}, body: {}","level":"info","timestamp":"2020-04-17 12:51:50"}
{"message":"    level: 'info', url: /boards/c9ad8499-3711-4305-a162-e9e25e1c374e/tasks/c9abbacb-d5b1-4d6f-82a8-540ad2c170f9, query params: {}, body: {}","level":"info","timestamp":"2020-04-17 12:51:50"}
{"message":"    level: 'info', url: /boards/c9ad8499-3711-4305-a162-e9e25e1c374e/tasks/d55c65b9-b611-4c99-b01e-3fe54fac5626, query params: {}, body: {}","level":"info","timestamp":"2020-04-17 12:51:50"}
{"message":"    level: 'info', url: /boards/c9ad8499-3711-4305-a162-e9e25e1c374e/tasks/52b9f1f7-43d1-461c-819f-edf8928fd089, query params: {}, body: {}","level":"info","timestamp":"2020-04-17 12:51:50"}
{"message":"    level: 'info', url: /boards/c9ad8499-3711-4305-a162-e9e25e1c374e/tasks/76ce1cec-db21-480b-a953-01e6d09e96ff, query params: {}, body: {}","level":"info","timestamp":"2020-04-17 12:51:50"}
{"message":"    level: 'info', url: /boards/00d4b8be-aede-4fb2-a53f-a241fbdab0ed/tasks/4e152209-b263-4035-8f0d-5b3432758519, query params: {}, body: {}","level":"info","timestamp":"2020-04-17 12:51:50"}
{"message":"   level 'error', error code: 404, error message: NotFoundError: Bad request (wrong board's id)","level":"error","timestamp":"2020-04-17 12:51:50"}
{"message":"   level 'error', error code: 404, error message: NotFoundError: Bad request (wrong board's id)","level":"error","timestamp":"2020-04-17 12:51:50"}
{"message":"   level 'error', error code: 404, error message: NotFoundError: Bad request (wrong board's id)","level":"error","timestamp":"2020-04-17 12:51:50"}
{"message":"   level 'error', error code: 404, error message: NotFoundError: Bad request (wrong board's id)","level":"error","timestamp":"2020-04-17 12:51:50"}
{"message":"   level 'error', error code: 404, error message: NotFoundError: Bad request (wrong board's id)","level":"error","timestamp":"2020-04-17 12:51:50"}
{"message":"    level: 'info', url: /boards/92a7da56-ed45-47e4-84e2-969d7a979811/tasks/f3197b9c-3ce3-4bcf-affd-7d86a02d150d, query params: {}, body: {}","level":"info","timestamp":"2020-04-17 12:51:50"}
{"message":"    level: 'info', url: /boards/00d4b8be-aede-4fb2-a53f-a241fbdab0ed/tasks/7f1508b3-2fd2-4923-a27d-2104e0f1945a, query params: {}, body: {}","level":"info","timestamp":"2020-04-17 12:51:50"}
{"message":"   level 'error', error code: 404, error message: NotFoundError: Task not found","level":"error","timestamp":"2020-04-17 12:51:50"}
{"message":"    level: 'info', url: /boards/92a7da56-ed45-47e4-84e2-969d7a979811, query params: {}, body: {}","level":"info","timestamp":"2020-04-17 12:51:50"}
{"message":"    level: 'info', url: /boards/00d4b8be-aede-4fb2-a53f-a241fbdab0ed/tasks/4e152209-b263-4035-8f0d-5b3432758519, query params: {}, body: {}","level":"info","timestamp":"2020-04-17 12:51:50"}
{"message":"    level: 'info', url: /boards/00d4b8be-aede-4fb2-a53f-a241fbdab0ed/tasks/7f1508b3-2fd2-4923-a27d-2104e0f1945a, query params: {}, body: {}","level":"info","timestamp":"2020-04-17 12:51:50"}
{"message":"    level: 'info', url: /boards/00d4b8be-aede-4fb2-a53f-a241fbdab0ed, query params: {}, body: {}","level":"info","timestamp":"2020-04-17 12:51:50"}
